#
# A fatal error has been detected by the Java Runtime Environment:
#
#  EXCEPTION_ACCESS_VIOLATION (0xc0000005) at pc=0x000007fedd9df292, pid=7016, tid=6768
#
# JRE version: 6.0_17-b04
# Java VM: Java HotSpot(TM) 64-Bit Server VM (14.3-b01 mixed mode windows-amd64 )
# Problematic frame:
# C  [boost_log-vc100-mt-1_49.dll+0xf292]
#
# If you would like to submit a bug report, please visit:
#   http://java.sun.com/webapps/bugreport/crash.jsp
# The crash happened outside the Java Virtual Machine in native code.
# See problematic frame for where to report the bug.
#

---------------  T H R E A D  ---------------

Current thread (0x0000000006516000):  JavaThread "main" [_thread_in_native, id=6768, stack(0x0000000000030000,0x0000000004030000)]

siginfo: ExceptionCode=0xc0000005, writing address 0x0000000000000008

Registers:
EAX=0x00000000064373f0, EBX=0x000000000401d5f0, ECX=0x000000000000000d, EDX=0x0000000000000000
ESP=0x000000000401d4f0, EBP=0x000000000401d5f0, ESI=0x0000000008f7c8c0, EDI=0xffffffffffffffff
EIP=0x000007fedd9df292, EFLAGS=0x0000000000010202

Top of Stack: (sp=0x000000000401d4f0)
0x000000000401d4f0:   000000000401d500 000000000401d5f0
0x000000000401d500:   000000000401d9c0 00000000be2ef058
0x000000000401d510:   00000000045f7c50 00000000043c7e91
0x000000000401d520:   000000000401d5b0 0000000075138733
0x000000000401d530:   0000000000000000 000000007504138e
0x000000000401d540:   fffffffffffffffe 0000000000000001
0x000000000401d550:   000000002224dc90 000000000401d9e0
0x000000000401d560:   0000000000000000 ffffffffffffffff
0x000000000401d570:   0000000008f7c8c0 000000000401d7a0
0x000000000401d580:   000000000401d678 00000000043cfa49
0x000000000401d590:   000000000401d5f0 000000000401d710
0x000000000401d5a0:   000000000401d701 fffffffffffffffe
0x000000000401d5b0:   00000000000002a0 0000000074bd8d94
0x000000000401d5c0:   fffffffffffffffe 000000000453cf40
0x000000000401d5d0:   000000000000003d 000000000453d990
0x000000000401d5e0:   0000000000000065 000000007507b5e2 

Instructions: (pc=0x000007fedd9df292)
0x000007fedd9df282:   08 e8 48 ff ff ff 48 8b 10 48 89 43 08 48 89 13
0x000007fedd9df292:   48 89 5a 08 48 ff 40 10 48 89 18 48 83 c4 20 5b 


Stack: [0x0000000000030000,0x0000000004030000],  sp=0x000000000401d4f0,  free space=65461k
Native frames: (J=compiled Java code, j=interpreted, Vv=VM code, C=native code)
C  [boost_log-vc100-mt-1_49.dll+0xf292]

Java frames: (J=compiled Java code, j=interpreted, Vv=VM code)
j  com.mathworks.jmi.NativeMatlab.PostMatlabMessage(Ljava/lang/Object;J)V+0
j  com.mathworks.jmi.NativeMatlab.postMatlabMessage(Ljava/lang/Object;J)V+3
j  com.mathworks.jmi.NativeMatlab.postMatlabMessage(Ljava/lang/Object;)V+6
j  com.mathworks.jmi.MatlabLooper.postMatlabMessage(Lcom/mathworks/services/message/MWMessage;Lcom/mathworks/services/message/MWHandler;)V+30
j  com.mathworks.jmi.MatlabMCR.postAsync(Lcom/mathworks/services/message/MWMessage;Lcom/mathworks/jmi/CompletionObserver;Lcom/mathworks/jmi/MatlabListener;)V+34
j  com.mathworks.jmi.MatlabMCR.eval(Ljava/lang/String;Lcom/mathworks/jmi/CompletionObserver;)V+44
j  com.mathworks.mlwidgets.workspace.MatlabWorkspaceListener.resumeWorkspaceInterests()V+34
j  com.mathworks.mlwidgets.workspace.MatlabWorkspaceListener.swl(Z)Z+14
v  ~StubRoutines::call_stub
j  com.mathworks.jmi.NativeMatlab.SendMatlabMessage(Ljava/lang/Object;)Ljava/lang/Object;+0
j  com.mathworks.jmi.NativeMatlab.sendMatlabMessage(Ljava/lang/Object;)Ljava/lang/Object;+22
j  com.mathworks.jmi.MatlabLooper.sendMatlabMessage(Lcom/mathworks/services/message/MWMessage;)Ljava/lang/Object;+20
j  com.mathworks.jmi.Matlab.mtFevalNoBreakpoints(Ljava/lang/String;[Ljava/lang/Object;I)Ljava/lang/Object;+71
J  com.mathworks.mlwidgets.graphics.PlotActionEvaluator.eval()V
J  com.mathworks.mlwidgets.graphics.PlotToolSet.evaluatePlotApplicability([Ljava/lang/String;)Z
j  com.mathworks.mlwidgets.graphics.PlotToolSet.access$2500(Lcom/mathworks/mlwidgets/graphics/PlotToolSet;[Ljava/lang/String;)Z+2
j  com.mathworks.mlwidgets.graphics.PlotToolSet$3.runOnMatlabThread()Ljava/lang/Object;+17
j  com.mathworks.jmi.MatlabWorker$2.run()V+10
j  com.mathworks.jmi.NativeMatlab.dispatchMTRequests(Z)V+127
v  ~StubRoutines::call_stub

---------------  P R O C E S S  ---------------

Java Threads: ( => current thread )
  0x00000000724eb800 JavaThread "Code Analyzer updating thread" [_thread_blocked, id=7368, stack(0x00000000f1fa0000,0x00000000f5fa0000)]
  0x0000000060347800 JavaThread "Explorer NavigationContext request queue" daemon [_thread_blocked, id=1688, stack(0x0000000154030000,0x0000000158030000)]
  0x00000000724ea000 JavaThread "Browser Events Thread" daemon [_thread_blocked, id=6544, stack(0x0000000105fa0000,0x0000000109fa0000)]
  0x0000000060346800 JavaThread "Main message loop" daemon [_thread_in_native, id=5480, stack(0x000000010dfa0000,0x0000000111fa0000)]
  0x0000000060349000 JavaThread "RecordlistTable Timer" daemon [_thread_blocked, id=3396, stack(0x00000000f9fa0000,0x00000000fdfa0000)]
  0x00000000724f0800 JavaThread "Code Analyzer updating thread" [_thread_blocked, id=2040, stack(0x0000000101fa0000,0x0000000105fa0000)]
  0x00000000724eb000 JavaThread "Active Reference Queue Daemon" daemon [_thread_blocked, id=980, stack(0x00000000e9fa0000,0x00000000edfa0000)]
  0x00000000724e9800 JavaThread "Timer-2" daemon [_thread_blocked, id=5540, stack(0x00000000e5fa0000,0x00000000e9fa0000)]
  0x00000000724f0000 JavaThread "Prefs Updater" daemon [_thread_blocked, id=7048, stack(0x000000009c000000,0x00000000a0000000)]
  0x00000000724ee000 JavaThread "Foxtrot Single Worker Thread #1" daemon [_thread_blocked, id=6944, stack(0x0000000111fa0000,0x0000000115fa0000)]
  0x00000000724ec800 JavaThread "Timer-1" daemon [_thread_blocked, id=6340, stack(0x00000000f5fa0000,0x00000000f9fa0000)]
  0x00000000724ee800 JavaThread "com.jniwrapper.NativeResourceCollector" daemon [_thread_blocked, id=3968, stack(0x00000000edfa0000,0x00000000f1fa0000)]
  0x00000000724ef800 JavaThread "Swing-Shell" daemon [_thread_blocked, id=6708, stack(0x0000000109fa0000,0x000000010dfa0000)]
  0x0000000060348000 JavaThread "ClipboardMonitor Timer" daemon [_thread_blocked, id=6128, stack(0x00000000ddfa0000,0x00000000e1fa0000)]
  0x0000000060346000 JavaThread "AddressBar directory emptiness poller" daemon [_thread_blocked, id=5920, stack(0x00000000d1fa0000,0x00000000d5fa0000)]
  0x0000000060345000 JavaThread "Explorer Refresh Service 2051019936" daemon [_thread_blocked, id=6608, stack(0x00000000cdfa0000,0x00000000d1fa0000)]
  0x0000000060344800 JavaThread "Thread-4" daemon [_thread_blocked, id=2620, stack(0x00000000c0fd0000,0x00000000c4fd0000)]
  0x0000000060344000 JavaThread "TimerQueue" daemon [_thread_blocked, id=5548, stack(0x00000000b4000000,0x00000000b8000000)]
  0x0000000060343000 JavaThread "Thread-3" daemon [_thread_blocked, id=7076, stack(0x00000000a4000000,0x00000000a8000000)]
  0x0000000060342800 JavaThread "FelixPackageAdmin" daemon [_thread_blocked, id=6568, stack(0x00000000b0000000,0x00000000b4000000)]
  0x0000000060341800 JavaThread "FelixStartLevel" daemon [_thread_blocked, id=4800, stack(0x00000000ac000000,0x00000000b0000000)]
  0x0000000060232000 JavaThread "FelixDispatchQueue" daemon [_thread_blocked, id=368, stack(0x00000000a8000000,0x00000000ac000000)]
  0x00000000601b8800 JavaThread "AWT-EventQueue-0" [_thread_blocked, id=2680, stack(0x00000000a0000000,0x00000000a4000000)]
  0x00000000600d1800 JavaThread "com.google.common.base.internal.Finalizer" daemon [_thread_blocked, id=4496, stack(0x0000000098000000,0x000000009c000000)]
  0x00000000600bc000 JavaThread "AWT-Windows" daemon [_thread_in_native, id=3088, stack(0x0000000090000000,0x0000000094000000)]
  0x00000000600bb800 JavaThread "AWT-Shutdown" [_thread_blocked, id=5296, stack(0x000000008c000000,0x0000000090000000)]
  0x00000000600ba800 JavaThread "Java2D Disposer" daemon [_thread_blocked, id=5780, stack(0x0000000088000000,0x000000008c000000)]
  0x000000005fc39800 JavaThread "Timer-0" [_thread_blocked, id=6380, stack(0x0000000084000000,0x0000000088000000)]
  0x000000005fad8000 JavaThread "EventMgr Dispatcher" daemon [_thread_in_native, id=1160, stack(0x0000000080000000,0x0000000084000000)]
  0x000000004ab01000 JavaThread "Low Memory Detector" daemon [_thread_blocked, id=2896, stack(0x00000000650c0000,0x00000000690c0000)]
  0x000000004aafc800 JavaThread "CompilerThread1" daemon [_thread_blocked, id=4704, stack(0x00000000610c0000,0x00000000650c0000)]
  0x000000004aaf1800 JavaThread "CompilerThread0" daemon [_thread_blocked, id=6288, stack(0x000000005abf0000,0x000000005ebf0000)]
  0x000000004aaf0000 JavaThread "Attach Listener" daemon [_thread_blocked, id=4300, stack(0x0000000056bf0000,0x000000005abf0000)]
  0x000000004aa9a800 JavaThread "Finalizer" daemon [_thread_blocked, id=7140, stack(0x0000000052bf0000,0x0000000056bf0000)]
  0x000000004aa94000 JavaThread "Reference Handler" daemon [_thread_blocked, id=864, stack(0x000000004ebf0000,0x0000000052bf0000)]
=>0x0000000006516000 JavaThread "main" [_thread_in_native, id=6768, stack(0x0000000000030000,0x0000000004030000)]

Other Threads:
  0x000000004aa90800 VMThread [stack: 0x000000004abf0000,0x000000004ebf0000] [id=6740]
  0x000000004ab3b000 WatcherThread [stack: 0x00000000690c0000,0x000000006d0c0000] [id=6780]

VM state:not at safepoint (normal execution)

VM Mutex/Monitor currently owned by a thread: None

Heap
 PSYoungGen      total 40768K, used 20390K [0x00000000378f0000, 0x000000003a9f0000, 0x000000003a9f0000)
  eden space 33408K, 59% used [0x00000000378f0000,0x0000000038c718d0,0x0000000039990000)
  from space 7360K, 5% used [0x0000000039990000,0x00000000399f8000,0x000000003a0c0000)
  to   space 7424K, 0% used [0x000000003a2b0000,0x000000003a2b0000,0x000000003a9f0000)
 PSOldGen        total 104768K, used 83968K [0x000000002e5f0000, 0x0000000034c40000, 0x00000000378f0000)
  object space 104768K, 80% used [0x000000002e5f0000,0x00000000337f0220,0x0000000034c40000)
 PSPermGen       total 105600K, used 81010K [0x00000000265f0000, 0x000000002cd10000, 0x000000002e5f0000)
  object space 105600K, 76% used [0x00000000265f0000,0x000000002b50c940,0x000000002cd10000)

Dynamic libraries:
0x0000000140000000 - 0x0000000140028000 	C:\Program Files\MATLAB\R2013a\bin\win64\MATLAB.exe
0x0000000077150000 - 0x00000000772f9000 	C:\Windows\SYSTEM32\ntdll.dll
0x0000000077030000 - 0x000000007714f000 	C:\Windows\system32\kernel32.dll
0x000007fefd1f0000 - 0x000007fefd25b000 	C:\Windows\system32\KERNELBASE.dll
0x0000000074460000 - 0x0000000074515000 	C:\Program Files\MATLAB\R2013a\bin\win64\libut.dll
0x00000000758a0000 - 0x000000007595f000 	C:\Program Files\MATLAB\R2013a\bin\win64\libmwi18n.dll
0x0000000180000000 - 0x000000018000d000 	C:\Program Files\MATLAB\R2013a\bin\win64\libmwresource_core.dll
0x0000000074c50000 - 0x0000000074ce8000 	C:\Program Files\MATLAB\R2013a\bin\win64\MSVCP100.dll
0x0000000074b70000 - 0x0000000074c42000 	C:\Program Files\MATLAB\R2013a\bin\win64\MSVCR100.dll
0x0000000074b60000 - 0x0000000074b6e000 	C:\Program Files\MATLAB\R2013a\bin\win64\boost_date_time-vc100-mt-1_49.dll
0x0000000070910000 - 0x000000007093c000 	C:\Program Files\MATLAB\R2013a\bin\win64\boost_filesystem-vc100-mt-1_49.dll
0x0000000074b50000 - 0x0000000074b59000 	C:\Program Files\MATLAB\R2013a\bin\win64\boost_system-vc100-mt-1_49.dll
0x000007fefd520000 - 0x000007fefd5fb000 	C:\Windows\system32\ADVAPI32.dll
0x000007fefd680000 - 0x000007fefd71f000 	C:\Windows\system32\msvcrt.dll
0x000007feff200000 - 0x000007feff21f000 	C:\Windows\SYSTEM32\sechost.dll
0x000007fefea80000 - 0x000007fefebad000 	C:\Windows\system32\RPCRT4.dll
0x000000006f380000 - 0x000000006f3a5000 	C:\Program Files\MATLAB\R2013a\bin\win64\LIBEXPAT.dll
0x000000006f1f0000 - 0x000000006f37a000 	C:\Program Files\MATLAB\R2013a\bin\win64\icuin49.dll
0x000000006f0b0000 - 0x000000006f1ee000 	C:\Program Files\MATLAB\R2013a\bin\win64\icuuc49.dll
0x000000006df80000 - 0x000000006f0a2000 	C:\Program Files\MATLAB\R2013a\bin\win64\icudt49.dll
0x0000000074b40000 - 0x0000000074b50000 	C:\Program Files\MATLAB\R2013a\bin\win64\icuio49.dll
0x0000000073f70000 - 0x0000000074112000 	C:\Program Files\MATLAB\R2013a\bin\win64\libmwfl.dll
0x000000007a350000 - 0x000000007a737000 	C:\Program Files\MATLAB\R2013a\bin\win64\libmwMATLAB_res.dll
0x000000006dea0000 - 0x000000006df7f000 	C:\Program Files\MATLAB\R2013a\bin\win64\boost_regex-vc100-mt-1_49.dll
0x0000000076f30000 - 0x000000007702a000 	C:\Windows\system32\USER32.dll
0x000007fefd720000 - 0x000007fefd787000 	C:\Windows\system32\GDI32.dll
0x000007feff220000 - 0x000007feff22e000 	C:\Windows\system32\LPK.dll
0x000007fefe950000 - 0x000007fefea19000 	C:\Windows\system32\USP10.dll
0x000000006de80000 - 0x000000006de91000 	C:\Program Files\MATLAB\R2013a\bin\win64\boost_signals-vc100-mt-1_49.dll
0x000000006de60000 - 0x000000006de71000 	C:\Program Files\MATLAB\R2013a\bin\win64\boost_thread-vc100-mt-1_49.dll
0x000007fedd9d0000 - 0x000007fedda5c000 	C:\Program Files\MATLAB\R2013a\bin\win64\boost_log-vc100-mt-1_49.dll
0x0000000077320000 - 0x0000000077327000 	C:\Windows\system32\PSAPI.DLL
0x000007fefe900000 - 0x000007fefe94d000 	C:\Windows\system32\WS2_32.dll
0x000007fefd510000 - 0x000007fefd518000 	C:\Windows\system32\NSI.dll
0x000007fef7cb0000 - 0x000007fef7ce3000 	C:\Program Files\MATLAB\R2013a\bin\win64\tbb.dll
0x000007feff360000 - 0x000007feff377000 	C:\Windows\system32\imagehlp.dll
0x000007fefba60000 - 0x000007fefba8c000 	C:\Windows\system32\POWRPROF.dll
0x000007fefed40000 - 0x000007fefef17000 	C:\Windows\system32\SETUPAPI.dll
0x000007fefd1b0000 - 0x000007fefd1e6000 	C:\Windows\system32\CFGMGR32.dll
0x000007feff380000 - 0x000007feff457000 	C:\Windows\system32\OLEAUT32.dll
0x000007fefef50000 - 0x000007feff153000 	C:\Windows\system32\ole32.dll
0x000007fefd150000 - 0x000007fefd16a000 	C:\Windows\system32\DEVOBJ.dll
0x0000000004100000 - 0x0000000004121000 	C:\Program Files\MATLAB\R2013a\bin\win64\libmwmfl_scalar.dll
0x000007fef9370000 - 0x000007fef9495000 	C:\Windows\system32\dbghelp.dll
0x00000000042f0000 - 0x000000000461f000 	C:\Program Files\MATLAB\R2013a\bin\win64\libmwservices.dll
0x0000000075a20000 - 0x0000000075b0b000 	C:\Program Files\MATLAB\R2013a\bin\win64\libmx.dll
0x000007fef7f10000 - 0x000007fef7f38000 	C:\Program Files\MATLAB\R2013a\bin\win64\tbbmalloc.dll
0x000000006de40000 - 0x000000006de57000 	C:\Program Files\MATLAB\R2013a\bin\win64\zlib1.dll
0x0000000004130000 - 0x000000000417e000 	C:\Program Files\MATLAB\R2013a\bin\win64\libmwregexp.dll
0x0000000075f10000 - 0x0000000075f57000 	C:\Program Files\MATLAB\R2013a\bin\win64\mpath.dll
0x000000007b680000 - 0x000000007bc66000 	C:\Program Files\MATLAB\R2013a\bin\win64\mlutil.dll
0x00000000754d0000 - 0x0000000075547000 	C:\Program Files\MATLAB\R2013a\bin\win64\xmlcore.dll
0x000000006d720000 - 0x000000006d961000 	C:\Program Files\MATLAB\R2013a\bin\win64\xerces-c_2_7.dll
0x0000000004190000 - 0x00000000041b2000 	C:\Program Files\MATLAB\R2013a\bin\win64\libmwMATLAB_settings_res.dll
0x000007fefbab0000 - 0x000007fefbac0000 	C:\Program Files\MATLAB\R2013a\bin\win64\boost_iostreams-vc100-mt-1_49.dll
0x000007fee5770000 - 0x000007fee57b6000 	C:\Program Files\MATLAB\R2013a\bin\win64\boost_serialization-vc100-mt-1_49.dll
0x000007fefd790000 - 0x000007fefe518000 	C:\Windows\system32\SHELL32.dll
0x000007fefecc0000 - 0x000007fefed31000 	C:\Windows\system32\SHLWAPI.dll
0x00000000041c0000 - 0x00000000041c6000 	C:\Program Files\MATLAB\R2013a\bin\win64\libmwnativedisplay.dll
0x000007fef9540000 - 0x000007fef95e0000 	C:\Windows\WinSxS\amd64_microsoft.windows.common-controls_6595b64144ccf1df_5.82.7601.17514_none_a4d6a923711520a9\COMCTL32.dll
0x000007feff160000 - 0x000007feff1f7000 	C:\Windows\system32\COMDLG32.dll
0x000007fefa7f0000 - 0x000007fefa806000 	C:\Windows\system32\NETAPI32.dll
0x000007fefa7e0000 - 0x000007fefa7ec000 	C:\Windows\system32\netutils.dll
0x000007fefccd0000 - 0x000007fefccf3000 	C:\Windows\system32\srvcli.dll
0x000007fefa7c0000 - 0x000007fefa7d5000 	C:\Windows\system32\wkscli.dll
0x0000000074970000 - 0x0000000074a18000 	C:\Program Files\MATLAB\R2013a\bin\win64\mcr.dll
0x0000000075000000 - 0x00000000753b1000 	C:\Program Files\MATLAB\R2013a\bin\win64\iqm.dll
0x0000000074e80000 - 0x0000000074f30000 	C:\Program Files\MATLAB\R2013a\bin\win64\m_dispatcher.dll
0x0000000004620000 - 0x0000000004e28000 	C:\Program Files\MATLAB\R2013a\bin\win64\m_interpreter.dll
0x0000000004e30000 - 0x0000000004e54000 	C:\Program Files\MATLAB\R2013a\bin\win64\libmex.dll
0x0000000075430000 - 0x00000000754ab000 	C:\Program Files\MATLAB\R2013a\bin\win64\profiler.dll
0x0000000004e60000 - 0x00000000050e3000 	C:\Program Files\MATLAB\R2013a\bin\win64\libmwmathutil.dll
0x0000000079f40000 - 0x0000000079f66000 	C:\Program Files\MATLAB\R2013a\bin\win64\libmwmathrng.dll
0x00000000041d0000 - 0x00000000041e0000 	C:\Program Files\MATLAB\R2013a\bin\win64\libmwmfl_rng.dll
0x00000000050f0000 - 0x00000000051d8000 	C:\Program Files\MATLAB\R2013a\bin\win64\libmwmathcore.dll
0x0000000076160000 - 0x00000000761c3000 	C:\Program Files\MATLAB\R2013a\bin\win64\libmwspmatrix.dll
0x000000007b0a0000 - 0x000000007b2f6000 	C:\Program Files\MATLAB\R2013a\bin\win64\mcos.dll
0x0000000075ea0000 - 0x0000000075f02000 	C:\Program Files\MATLAB\R2013a\bin\win64\libmwcholmod.dll
0x00000000051e0000 - 0x00000000051ed000 	C:\Program Files\MATLAB\R2013a\bin\win64\libmwamd.dll
0x0000000005200000 - 0x00000000052a3000 	C:\Windows\WinSxS\amd64_microsoft.vc90.crt_1fc8b3b9a1e18e3b_9.0.30729.6161_none_08e61857a83bc251\MSVCR90.dll
0x00000000052b0000 - 0x00000000052bc000 	C:\Program Files\MATLAB\R2013a\bin\win64\libmwcolamd.dll
0x000000007a290000 - 0x000000007a2a3000 	C:\Program Files\MATLAB\R2013a\bin\win64\libmwblas.dll
0x000000007a310000 - 0x000000007a325000 	C:\Program Files\MATLAB\R2013a\bin\win64\libmwbinder.dll
0x00000000052d0000 - 0x00000000052db000 	C:\Program Files\MATLAB\R2013a\bin\win64\libmwompwrapper.dll
0x0000000075820000 - 0x000000007589e000 	C:\Program Files\MATLAB\R2013a\bin\win64\libmwlapack.dll
0x000000007a1b0000 - 0x000000007a1d0000 	C:\Program Files\MATLAB\R2013a\bin\win64\m_pcodeio.dll
0x0000000079b10000 - 0x0000000079b6c000 	C:\Program Files\MATLAB\R2013a\bin\win64\m_ir.dll
0x0000000078ed0000 - 0x0000000079579000 	C:\Program Files\MATLAB\R2013a\bin\win64\m_parser.dll
0x000000007a2f0000 - 0x000000007a307000 	C:\Program Files\MATLAB\R2013a\bin\win64\ir_xfmr.dll
0x00000000052e0000 - 0x00000000052f0000 	C:\Program Files\MATLAB\R2013a\bin\win64\mtok.dll
0x000000007a130000 - 0x000000007a158000 	C:\Program Files\MATLAB\R2013a\bin\win64\m_pcodegen.dll
0x0000000079fb0000 - 0x0000000079fdf000 	C:\Program Files\MATLAB\R2013a\bin\win64\libmwbridge.dll
0x0000000074f40000 - 0x0000000074ff6000 	C:\Program Files\MATLAB\R2013a\bin\win64\udd.dll
0x0000000073cc0000 - 0x0000000073e0e000 	C:\Program Files\MATLAB\R2013a\bin\win64\libmwgui.dll
0x000000007a1d0000 - 0x000000007a1f4000 	C:\Program Files\MATLAB\R2013a\bin\win64\graphics_util.dll
0x000007fedb490000 - 0x000007fedb548000 	C:\Program Files\MATLAB\R2013a\bin\win64\libtex_base.dll
0x00000000052f0000 - 0x0000000005c33000 	C:\Program Files\MATLAB\R2013a\bin\win64\hg.dll
0x0000000076100000 - 0x000000007615a000 	C:\Program Files\MATLAB\R2013a\bin\win64\libmat.dll
0x0000000072d30000 - 0x0000000072f38000 	C:\Program Files\MATLAB\R2013a\bin\win64\hdf5dll.dll
0x0000000075710000 - 0x00000000757d8000 	C:\Program Files\MATLAB\R2013a\bin\win64\jmi.dll
0x0000000005c50000 - 0x0000000005c5e000 	C:\Program Files\MATLAB\R2013a\bin\win64\nativejava_services.dll
0x0000000005c60000 - 0x0000000005ca0000 	C:\Program Files\MATLAB\R2013a\bin\win64\libmwhardcopy.dll
0x0000000075c70000 - 0x0000000075cce000 	C:\Program Files\MATLAB\R2013a\bin\win64\libuij.dll
0x0000000072f50000 - 0x000000007318f000 	C:\Program Files\MATLAB\R2013a\bin\win64\hgdatatypes.dll
0x0000000005ca0000 - 0x0000000005d8b000 	C:\Program Files\MATLAB\R2013a\bin\win64\hgutils.dll
0x0000000005d90000 - 0x0000000005e3e000 	C:\Program Files\MATLAB\R2013a\bin\win64\udd_mi.dll
0x0000000005e40000 - 0x0000000005e76000 	C:\Program Files\MATLAB\R2013a\bin\win64\libmwgbtutils.dll
0x0000000005e80000 - 0x0000000005e94000 	C:\Program Files\MATLAB\R2013a\bin\win64\libmwgbt.dll
0x0000000005ea0000 - 0x000000000616e000 	C:\Program Files\MATLAB\R2013a\bin\win64\uiw.dll
0x0000000006170000 - 0x0000000006179000 	C:\Program Files\MATLAB\R2013a\bin\win64\uinone.dll
0x0000000006180000 - 0x00000000061a6000 	C:\Program Files\MATLAB\R2013a\bin\win64\libmwnativefiledialogs.dll
0x00000000061b0000 - 0x00000000061bc000 	C:\Program Files\MATLAB\R2013a\bin\win64\libmwplatform_res.dll
0x000007fefc150000 - 0x000007fefc168000 	C:\Windows\system32\MPR.dll
0x0000000060b60000 - 0x00000000610bd000 	C:\Program Files\MATLAB\R2013a\bin\win64\mfc100.dll
0x000007fefa810000 - 0x000007fefa817000 	C:\Windows\system32\MSIMG32.dll
0x000007fef9980000 - 0x000007fef99f1000 	C:\Windows\system32\WINSPOOL.DRV
0x00000000061c0000 - 0x00000000061dd000 	C:\Program Files\MATLAB\R2013a\bin\win64\mwoles05.DLL
0x00000000061e0000 - 0x000000000624c000 	C:\Program Files\MATLAB\R2013a\bin\win64\comcli.dll
0x000000006de10000 - 0x000000006de3b000 	C:\Program Files\MATLAB\R2013a\bin\win64\ATL100.DLL
0x0000000006250000 - 0x000000000625c000 	C:\Program Files\MATLAB\R2013a\bin\win64\mlautoregister.dll
0x0000000006260000 - 0x00000000063b6000 	C:\Program Files\MATLAB\R2013a\bin\win64\mvm.dll
0x000007fefef20000 - 0x000007fefef4e000 	C:\Windows\system32\IMM32.DLL
0x000007fefebb0000 - 0x000007fefecb9000 	C:\Windows\system32\MSCTF.dll
0x000007fefb830000 - 0x000007fefb886000 	C:\Windows\system32\UxTheme.dll
0x000007fefaf90000 - 0x000007fefafa8000 	C:\Windows\system32\dwmapi.dll
0x000000006de00000 - 0x000000006de0d000 	C:\Program Files\MATLAB\R2013a\bin\win64\MFC100ENU.DLL
0x0000000007d40000 - 0x0000000007d8e000 	C:\Program Files\MATLAB\R2013a\bin\win64\MVMLocal.dll
0x0000000078870000 - 0x0000000078ecd000 	C:\Program Files\MATLAB\R2013a\sys\java\jre\win64\jre\bin\server\jvm.dll

VM Arguments:
jvm_args: -XX:PermSize=32m -Xms64m -XX:NewRatio=3 -XX:MaxPermSize=128m -Xmx196m -XX:MaxDirectMemorySize=2147400000 -Dsun.java2d.noddraw=true -Dsun.awt.nopixfmt=true -Xshare:off -Xrs -Dsun.awt.disableMixing=true -Djava.library.path=C:\Program Files\MATLAB\R2013a\bin\win64;C:\Program Files\MATLAB\R2013a\sys\jxbrowser\win64\lib vfprintf abort 
java_command: <unknown>
Launcher Type: generic

Environment Variables:
PATH=C:\Program Files\MATLAB\R2013a\bin\win64;C:\ProgramData\Oracle\Java\javapath;C:\Windows\system32;C:\Windows;C:\Windows\System32\Wbem;C:\Windows\System32\WindowsPowerShell\v1.0\;C:\Program Files (x86)\Intel\OpenCL SDK\2.0\bin\x86;C:\Program Files (x86)\Intel\OpenCL SDK\2.0\bin\x64;C:\Program Files\MATLAB\R2013a\runtime\win64;C:\Program Files\MATLAB\R2013a\bin;C:\Program Files (x86)\Brackets\command;C:\Program Files\nodejs\;;C:\Program Files (x86)\Microsoft VS Code\bin;C:\Users\pru\AppData\Roaming\npm
USERNAME=pru
OS=Windows_NT
PROCESSOR_IDENTIFIER=Intel64 Family 6 Model 58 Stepping 9, GenuineIntel



---------------  S Y S T E M  ---------------

OS: Windows 7 Build 7601 Service Pack 1

CPU:total 4 (8 cores per cpu, 2 threads per core) family 6 model 58 stepping 9, cmov, cx8, fxsr, mmx, sse, sse2, sse3, ssse3, sse4.1, sse4.2, ht

Memory: 4k page, physical 8247400k(3179084k free), swap 16492956k(9923032k free)

vm_info: Java HotSpot(TM) 64-Bit Server VM (14.3-b01) for windows-amd64 JRE (1.6.0_17-b04), built on Oct 11 2009 00:46:08 by "java_re" with MS VC++ 8.0

time: Thu Nov 17 16:56:37 2016
elapsed time: 54315 seconds

